[2025-02-17T16:45:03.524059+00:00] 18152.INFO: Initiated
[2025-02-17T16:45:03.532695+00:00] 18152.INFO: Import is starting...
[2025-02-17T16:45:03.532747+00:00] 18152.INFO: Procesado: 0/1, Saltado: 0
[2025-02-17T16:45:03.537736+00:00] 18152.INFO: Import is starting...
[2025-02-17T16:45:03.537779+00:00] 18152.INFO: Procesado: 1/1, Saltado: 0
[2025-02-17T16:45:03.541429+00:00] 18152.INFO: Import is starting...
[2025-02-17T16:45:03.541458+00:00] 18152.INFO: Procesado: 0/0, Saltado: 0
[2025-02-17T16:45:03.548832+00:00] 18152.INFO: Validando cabeceras de suscriptores...
[2025-02-17T16:45:03.548938+00:00] 18152.INFO: Procesado: 0/1, Saltado: 0
[2025-02-17T16:45:03.549579+00:00] 18152.INFO: Insertando suscriptores en la base de datos...
[2025-02-17T16:45:03.549600+00:00] 18152.INFO: Procesado: 0/1, Saltado: 0
[2025-02-17T16:45:03.556488+00:00] 18152.INFO: messages.list.import.completed
[2025-02-17T16:45:03.556509+00:00] 18152.INFO: Procesado: 0/1, Saltado: 0
[2025-02-17T16:45:03.556936+00:00] 18152.INFO: Insertando suscriptores en la base de datos...
[2025-02-17T16:45:03.556955+00:00] 18152.INFO: Procesado: 0/1, Saltado: 0
[2025-02-17T16:45:03.563966+00:00] 18152.INFO: messages.list.import.completed
[2025-02-17T16:45:03.563986+00:00] 18152.INFO: Procesado: 1/1, Saltado: 0
[2025-02-17T16:45:03.567444+00:00] 18152.INFO: Procesado: 1/1 registros, omitidos: 0.
[2025-02-17T16:45:03.567464+00:00] 18152.INFO: Procesado: 1/1, Saltado: 0
[2025-02-17T16:45:03.567503+00:00] 18152.INFO: Procesado: 1/1 registros, omitidos: 0.
[2025-02-17T16:45:03.567513+00:00] 18152.INFO: Procesado: 1/1, Saltado: 0
[2025-02-17T16:45:03.567539+00:00] 18152.INFO: Finished
